<?xml version="1.0" encoding="UTF-8"?>
<!-- Generated by org.testng.reporters.JUnitReportReporter -->
<testsuite hostname="LAPTOP-NF7HVJ36" failures="0" tests="1" name="org.qa.testscripts.TC_YatraBuses_002" time="3.325" errors="1" timestamp="2022-05-09T10:18:38 IST" skipped="0">
  <testcase classname="org.qa.testscripts.TC_YatraBuses_002" name="SearchBuses" time="3.325">
    <error message="
[public void org.qa.testscripts.TC_YatraBuses_002.SearchBuses(java.lang.String,java.lang.String) throws java.lang.InterruptedException,java.io.IOException] has no parameters defined but was found to be using a data provider (either explicitly specified or inherited from class level annotation).
Data provider mismatch
Method: SearchBuses([Parameter{index=0, type=java.lang.String, declaredAnnotations=[]}, Parameter{index=1, type=java.lang.String, declaredAnnotations=[]}])
Arguments: [(java.lang.String) Hyderabad,(java.lang.String) Bangalore,(java.lang.String) Kukatpally,(java.lang.String) Hebbal,(java.lang.String) Orange tours]" type="org.testng.internal.reflect.MethodMatcherException">
      <![CDATA[org.testng.internal.reflect.MethodMatcherException: 
[public void org.qa.testscripts.TC_YatraBuses_002.SearchBuses(java.lang.String,java.lang.String) throws java.lang.InterruptedException,java.io.IOException] has no parameters defined but was found to be using a data provider (either explicitly specified or inherited from class level annotation).
Data provider mismatch
Method: SearchBuses([Parameter{index=0, type=java.lang.String, declaredAnnotations=[]}, Parameter{index=1, type=java.lang.String, declaredAnnotations=[]}])
Arguments: [(java.lang.String) Hyderabad,(java.lang.String) Bangalore,(java.lang.String) Kukatpally,(java.lang.String) Hebbal,(java.lang.String) Orange tours]
at org.testng.internal.reflect.DataProviderMethodMatcher.getConformingArguments(DataProviderMethodMatcher.java:43)
at org.testng.internal.Parameters.injectParameters(Parameters.java:914)
at org.testng.internal.MethodRunner.runInSequence(MethodRunner.java:34)
at org.testng.internal.TestInvoker$MethodInvocationAgent.invoke(TestInvoker.java:824)
at org.testng.internal.TestInvoker.invokeTestMethods(TestInvoker.java:146)
at org.testng.internal.TestMethodWorker.invokeTestMethods(TestMethodWorker.java:146)
at org.testng.internal.TestMethodWorker.run(TestMethodWorker.java:128)
at java.base/java.util.concurrent.ThreadPoolExecutor.runWorker(ThreadPoolExecutor.java:1136)
at java.base/java.util.concurrent.ThreadPoolExecutor$Worker.run(ThreadPoolExecutor.java:635)
at java.base/java.lang.Thread.run(Thread.java:833)
]]>
    </error>
  </testcase> <!-- SearchBuses -->
  <system-out/>
</testsuite> <!-- org.qa.testscripts.TC_YatraBuses_002 -->
